\BOOKMARK [1][-]{section*.2}{\376\377\000L\000a\000u\000f\000z\000e\000i\000t}{}% 1
\BOOKMARK [2][-]{section*.3}{\376\377\000-\000N\000o\000t\000a\000t\000i\000o\000n}{section*.2}% 2
\BOOKMARK [2][-]{section*.4}{\376\377\000O\000-\000N\000o\000t\000a\000t\000i\000o\000n}{section*.2}% 3
\BOOKMARK [2][-]{section*.5}{\376\377\000-\000N\000o\000t\000a\000t\000i\000o\000n}{section*.2}% 4
\BOOKMARK [2][-]{section*.6}{\376\377\000F\000u\000n\000k\000t\000i\000o\000n\000s\000k\000l\000a\000s\000s\000e\000n}{section*.2}% 5
\BOOKMARK [2][-]{section*.7}{\376\377\000R\000e\000c\000h\000e\000n\000r\000e\000g\000e\000l\000n}{section*.2}% 6
\BOOKMARK [3][-]{section*.8}{\376\377\000P\000r\000o\000d\000u\000k\000t\000r\000e\000g\000e\000l}{section*.7}% 7
\BOOKMARK [3][-]{section*.9}{\376\377\000S\000u\000m\000m\000e\000n\000r\000e\000g\000e\000l}{section*.7}% 8
\BOOKMARK [3][-]{section*.10}{\376\377\000M\000u\000l\000t\000i\000p\000l\000i\000k\000a\000t\000i\000o\000n\000\040\000m\000i\000t\000\040\000e\000i\000n\000e\000r\000\040\000K\000o\000n\000s\000t\000a\000n\000t\000e}{section*.7}% 9
\BOOKMARK [2][-]{section*.11}{\376\377\000F\000u\000n\000k\000t\000i\000o\000n\000e\000n\000\040\000V\000e\000r\000g\000l\000e\000i\000c\000h\000e\000n}{section*.2}% 10
\BOOKMARK [3][-]{section*.12}{\376\377\000T\000r\000a\000n\000s\000i\000t\000i\000v\000i\000t\000\344\000t}{section*.11}% 11
\BOOKMARK [3][-]{section*.13}{\376\377\000R\000e\000f\000l\000e\000x\000i\000v\000i\000t\000\344\000t}{section*.11}% 12
\BOOKMARK [3][-]{section*.14}{\376\377\000S\000y\000m\000m\000e\000t\000r\000i\000e}{section*.11}% 13
\BOOKMARK [3][-]{section*.15}{\376\377\000T\000r\000a\000n\000s\000p\000o\000n\000i\000e\000r\000e\000n\000d\000e\000\040\000S\000y\000m\000m\000e\000t\000r\000i\000e}{section*.11}% 14
\BOOKMARK [2][-]{section*.16}{\376\377\000R\000e\000k\000u\000r\000s\000i\000o\000n\000,\000\040\000R\000e\000k\000u\000r\000r\000e\000n\000z\000\040\000u\000n\000d\000\040\000d\000a\000s\000\040\000M\000a\000s\000t\000e\000r\000t\000h\000e\000o\000r\000e\000m}{section*.2}% 15
\BOOKMARK [3][-]{section*.17}{\376\377\000R\000e\000k\000u\000r\000s\000i\000o\000n}{section*.16}% 16
\BOOKMARK [3][-]{section*.18}{\376\377\000M\000a\000s\000t\000e\000r\000t\000h\000e\000o\000r\000e\000m}{section*.16}% 17
\BOOKMARK [1][-]{section*.19}{\376\377\000S\000o\000r\000t\000i\000e\000r\000e\000n}{}% 18
\BOOKMARK [2][-]{section*.20}{\376\377\000D\000e\000f\000i\000n\000i\000t\000i\000o\000n\000e\000n}{section*.19}% 19
\BOOKMARK [2][-]{section*.21}{\376\377\000V\000e\000r\000g\000l\000e\000i\000c\000h\000s\000b\000a\000s\000i\000e\000r\000t\000e\000\040\000A\000l\000g\000o\000r\000i\000t\000h\000m\000e\000n}{section*.19}% 20
\BOOKMARK [3][-]{section*.22}{\376\377\000I\000n\000s\000e\000r\000t\000i\000o\000n\000s\000o\000r\000t}{section*.21}% 21
\BOOKMARK [3][-]{section*.23}{\376\377\000B\000o\000g\000o\000s\000o\000r\000t}{section*.21}% 22
\BOOKMARK [3][-]{section*.24}{\376\377\000S\000l\000o\000w\000s\000o\000r\000t}{section*.21}% 23
\BOOKMARK [3][-]{section*.25}{\376\377\000B\000u\000b\000b\000l\000e\000s\000o\000r\000t}{section*.21}% 24
\BOOKMARK [3][-]{section*.26}{\376\377\000M\000e\000r\000g\000e\000s\000o\000r\000t}{section*.21}% 25
\BOOKMARK [3][-]{section*.27}{\376\377\000S\000e\000l\000e\000c\000t\000i\000o\000n\000s\000o\000r\000t}{section*.21}% 26
\BOOKMARK [3][-]{section*.28}{\376\377\000H\000e\000a\000p\000s\000o\000r\000t}{section*.21}% 27
\BOOKMARK [3][-]{section*.29}{\376\377\000Q\000u\000i\000c\000k\000s\000o\000r\000t}{section*.21}% 28
\BOOKMARK [2][-]{section*.30}{\376\377\000N\000i\000c\000h\000t\000\040\000v\000e\000r\000g\000l\000e\000i\000c\000h\000s\000b\000a\000s\000i\000e\000r\000t\000e\000\040\000A\000l\000g\000o\000r\000i\000t\000h\000m\000e\000n}{section*.19}% 29
\BOOKMARK [3][-]{section*.31}{\376\377\000B\000u\000c\000k\000e\000t\000s\000o\000r\000t}{section*.30}% 30
\BOOKMARK [3][-]{section*.32}{\376\377\000C\000o\000u\000n\000t\000i\000n\000g\000s\000o\000r\000t}{section*.30}% 31
\BOOKMARK [3][-]{section*.33}{\376\377\000R\000a\000d\000i\000x\000s\000o\000r\000t}{section*.30}% 32
\BOOKMARK [1][-]{section*.34}{\376\377\000G\000r\000a\000p\000h\000e\000n}{}% 33
\BOOKMARK [2][-]{section*.35}{\376\377\000D\000e\000f\000i\000n\000i\000t\000i\000o\000n\000e\000n}{section*.34}% 34
\BOOKMARK [3][-]{section*.36}{\376\377\000G\000r\000a\000p\000h}{section*.35}% 35
\BOOKMARK [3][-]{section*.37}{\376\377\000V\000o\000l\000l\000s\000t\000\344\000n\000d\000i\000g\000e\000r\000\040\000G\000r\000a\000p\000h}{section*.35}% 36
\BOOKMARK [3][-]{section*.38}{\376\377\000G\000r\000a\000d}{section*.35}% 37
\BOOKMARK [3][-]{section*.39}{\376\377\000R\000e\000g\000u\000l\000\344\000r\000e\000r\000\040\000G\000r\000a\000d}{section*.35}% 38
\BOOKMARK [3][-]{section*.40}{\376\377\000T\000e\000i\000l\000g\000r\000a\000p\000h}{section*.35}% 39
\BOOKMARK [3][-]{section*.41}{\376\377\000W\000e\000g\000e\000\040\000u\000n\000d\000\040\000K\000r\000e\000i\000s\000e}{section*.35}% 40
\BOOKMARK [3][-]{section*.42}{\376\377\000K\000\374\000r\000z\000e\000s\000t\000e\000\040\000D\000i\000s\000t\000a\000n\000z}{section*.35}% 41
\BOOKMARK [3][-]{section*.43}{\376\377\000Z\000u\000s\000a\000m\000m\000e\000n\000h\000\344\000n\000g\000e\000n\000d}{section*.35}% 42
\BOOKMARK [3][-]{section*.44}{\376\377\000W\000a\000l\000d}{section*.35}% 43
\BOOKMARK [3][-]{section*.45}{\376\377\000B\000a\000u\000m}{section*.35}% 44
\BOOKMARK [3][-]{section*.46}{\376\377\000D\000i\000s\000j\000u\000n\000k\000t\000i\000o\000n\000e\000n}{section*.35}% 45
\BOOKMARK [3][-]{section*.47}{\376\377\000B\000i\000p\000a\000r\000t\000i\000e\000r\000t\000e\000r\000\040\000G\000r\000a\000p\000h}{section*.35}% 46
\BOOKMARK [3][-]{section*.48}{\376\377\000Z\000u\000s\000a\000m\000m\000e\000n\000h\000\344\000n\000g\000e\000n\000d\000e\000\040\000D\000i\000g\000r\000a\000p\000h\000e\000n}{section*.35}% 47
\BOOKMARK [3][-]{section*.49}{\376\377\000N\000e\000t\000z\000w\000e\000r\000k\000e}{section*.35}% 48
\BOOKMARK [3][-]{section*.50}{\376\377\000F\000l\000u\000s\000s}{section*.35}% 49
\BOOKMARK [3][-]{section*.51}{\376\377\000G\000r\000\366\000\337\000e\000\040\000d\000e\000s\000\040\000F\000l\000u\000s\000s\000e\000s}{section*.35}% 50
\BOOKMARK [3][-]{section*.52}{\376\377\000R\000e\000s\000i\000d\000u\000a\000l\000-\000K\000a\000p\000a\000z\000i\000t\000\344\000t}{section*.35}% 51
\BOOKMARK [3][-]{section*.53}{\376\377\000R\000e\000s\000i\000d\000u\000a\000l\000-\000N\000e\000t\000z\000w\000e\000r\000k}{section*.35}% 52
\BOOKMARK [3][-]{section*.54}{\376\377\000F\000l\000u\000s\000s\000e\000r\000w\000e\000i\000t\000e\000r\000u\000n\000g}{section*.35}% 53
\BOOKMARK [3][-]{section*.55}{\376\377\000E\000r\000w\000e\000i\000t\000e\000r\000n\000d\000e\000r\000\040\000P\000f\000a\000d}{section*.35}% 54
\BOOKMARK [3][-]{section*.56}{\376\377\000C\000u\000t}{section*.35}% 55
\BOOKMARK [3][-]{section*.57}{\376\377\000M\000i\000n\000i\000m\000a\000l\000e\000r\000\040\000C\000u\000t}{section*.35}% 56
\BOOKMARK [2][-]{section*.58}{\376\377\000A\000l\000g\000o\000r\000i\000t\000h\000m\000e\000n}{section*.34}% 57
\BOOKMARK [3][-]{section*.59}{\376\377\000B\000r\000e\000i\000t\000e\000n\000s\000u\000c\000h\000e}{section*.58}% 58
\BOOKMARK [3][-]{section*.60}{\376\377\000T\000i\000e\000f\000e\000n\000s\000u\000c\000h\000e}{section*.58}% 59
\BOOKMARK [3][-]{section*.61}{\376\377\000D\000i\000j\000k\000s\000t\000r\000a}{section*.58}% 60
\BOOKMARK [3][-]{section*.62}{\376\377\000F\000l\000o\000y\000d\000-\000W\000a\000r\000s\000h\000a\000l\000l}{section*.58}% 61
\BOOKMARK [3][-]{section*.63}{\376\377\000P\000a\000g\000e\000\040\000R\000a\000n\000k}{section*.58}% 62
\BOOKMARK [3][-]{section*.64}{\376\377\000K\000r\000u\000s\000k\000a\000l}{section*.58}% 63
\BOOKMARK [3][-]{section*.65}{\376\377\000P\000r\000i\000m}{section*.58}% 64
\BOOKMARK [3][-]{section*.66}{\376\377\000R\000\374\000c\000k\000w\000\344\000r\000t\000s\000\040\000K\000r\000u\000s\000k\000a\000l}{section*.58}% 65
\BOOKMARK [3][-]{section*.67}{\376\377\000F\000o\000r\000d\000-\000F\000u\000l\000k\000e\000r\000s\000o\000n}{section*.58}% 66
